<?xml version="1.0" encoding="UTF-8"?>
<!-- Generated by org.testng.reporters.JUnitXMLReporter -->
<testsuite ignored="0" hostname="WKWIN5154091" failures="0" tests="5" name="Default test" time="7.5" errors="0" timestamp="2019-10-05T18:53:50 IST">
  <testcase classname="com.qa.test.GetCapitalInfo" name="GetCapitalInfoTest" time="3.878"/>
  <testcase classname="com.qa.test.GetCapitalInfo" name="GetCapitalInfoTest" time="0.689"/>
  <testcase classname="com.qa.test.GetCapitalInfo" name="GetCapitalInfoTest" time="0.818"/>
  <testcase classname="com.qa.test.GetCapitalInfo" name="GetCapitalInfoTest" time="0.763"/>
  <testcase classname="com.qa.test.GetCapitalInfo" name="GetCapitalInfoTest" time="0.741"/>
</testsuite> <!-- Default test -->
