<?xml version="1.0" encoding="UTF-8"?>
<!-- Generated by org.testng.reporters.JUnitXMLReporter -->
<testsuite ignored="0" hostname="WKWIN5154091" failures="0" tests="5" name="Default test" time="7.058" errors="0" timestamp="2019-11-29T22:36:37 IST">
  <testcase classname="com.qa.test.GetCapitalInfo" name="GetCapitalInfoTest" time="3.423"/>
  <testcase classname="com.qa.test.GetCapitalInfo" name="GetCapitalInfoTest" time="0.636"/>
  <testcase classname="com.qa.test.GetCapitalInfo" name="GetCapitalInfoTest" time="0.659"/>
  <testcase classname="com.qa.test.GetCapitalInfo" name="GetCapitalInfoTest" time="0.637"/>
  <testcase classname="com.qa.test.GetCapitalInfo" name="GetCapitalInfoTest" time="0.625"/>
</testsuite> <!-- Default test -->
