<?xml version="1.0" encoding="UTF-8"?>
<testng-results ignored="0" total="5" passed="5" failed="0" skipped="0">
  <reporter-output>
  </reporter-output>
  <suite started-at="2019-11-29T22:36:30 IST" name="Default suite" finished-at="2019-11-29T22:36:37 IST" duration-ms="7058">
    <groups>
    </groups>
    <test started-at="2019-11-29T22:36:30 IST" name="Default test" finished-at="2019-11-29T22:36:37 IST" duration-ms="7058">
      <class name="com.qa.test.GetCapitalInfo">
        <test-method is-config="true" signature="setUp()[pri:0, instance:com.qa.test.GetCapitalInfo@37918c79]" started-at="2019-11-29T22:36:31 IST" name="setUp" finished-at="2019-11-29T22:36:31 IST" duration-ms="4" status="PASS">
          <reporter-output>
          </reporter-output>
        </test-method> <!-- setUp -->
        <test-method signature="GetCapitalInfoTest(java.lang.String, java.lang.String)[pri:0, instance:com.qa.test.GetCapitalInfo@37918c79]" started-at="2019-11-29T22:36:31 IST" name="GetCapitalInfoTest" data-provider="getData" finished-at="2019-11-29T22:36:34 IST" duration-ms="3423" status="PASS">
          <params>
            <param index="0">
              <value>
                <![CDATA[Delhi]]>
              </value>
            </param>
            <param index="1">
              <value>
                <![CDATA[India]]>
              </value>
            </param>
          </params>
          <reporter-output>
          </reporter-output>
        </test-method> <!-- GetCapitalInfoTest -->
        <test-method is-config="true" signature="setUp()[pri:0, instance:com.qa.test.GetCapitalInfo@37918c79]" started-at="2019-11-29T22:36:34 IST" name="setUp" finished-at="2019-11-29T22:36:34 IST" duration-ms="1" status="PASS">
          <reporter-output>
          </reporter-output>
        </test-method> <!-- setUp -->
        <test-method signature="GetCapitalInfoTest(java.lang.String, java.lang.String)[pri:0, instance:com.qa.test.GetCapitalInfo@37918c79]" started-at="2019-11-29T22:36:34 IST" name="GetCapitalInfoTest" data-provider="getData" finished-at="2019-11-29T22:36:35 IST" duration-ms="636" status="PASS">
          <params>
            <param index="0">
              <value>
                <![CDATA[Washington]]>
              </value>
            </param>
            <param index="1">
              <value>
                <![CDATA[United States of America]]>
              </value>
            </param>
          </params>
          <reporter-output>
          </reporter-output>
        </test-method> <!-- GetCapitalInfoTest -->
        <test-method is-config="true" signature="setUp()[pri:0, instance:com.qa.test.GetCapitalInfo@37918c79]" started-at="2019-11-29T22:36:35 IST" name="setUp" finished-at="2019-11-29T22:36:35 IST" duration-ms="1" status="PASS">
          <reporter-output>
          </reporter-output>
        </test-method> <!-- setUp -->
        <test-method signature="GetCapitalInfoTest(java.lang.String, java.lang.String)[pri:0, instance:com.qa.test.GetCapitalInfo@37918c79]" started-at="2019-11-29T22:36:35 IST" name="GetCapitalInfoTest" data-provider="getData" finished-at="2019-11-29T22:36:35 IST" duration-ms="659" status="PASS">
          <params>
            <param index="0">
              <value>
                <![CDATA[London]]>
              </value>
            </param>
            <param index="1">
              <value>
                <![CDATA[United Kingdom of Great Britain and Northern Ireland]]>
              </value>
            </param>
          </params>
          <reporter-output>
          </reporter-output>
        </test-method> <!-- GetCapitalInfoTest -->
        <test-method is-config="true" signature="setUp()[pri:0, instance:com.qa.test.GetCapitalInfo@37918c79]" started-at="2019-11-29T22:36:35 IST" name="setUp" finished-at="2019-11-29T22:36:35 IST" duration-ms="1" status="PASS">
          <reporter-output>
          </reporter-output>
        </test-method> <!-- setUp -->
        <test-method signature="GetCapitalInfoTest(java.lang.String, java.lang.String)[pri:0, instance:com.qa.test.GetCapitalInfo@37918c79]" started-at="2019-11-29T22:36:35 IST" name="GetCapitalInfoTest" data-provider="getData" finished-at="2019-11-29T22:36:36 IST" duration-ms="637" status="PASS">
          <params>
            <param index="0">
              <value>
                <![CDATA[Tokyo]]>
              </value>
            </param>
            <param index="1">
              <value>
                <![CDATA[Japan]]>
              </value>
            </param>
          </params>
          <reporter-output>
          </reporter-output>
        </test-method> <!-- GetCapitalInfoTest -->
        <test-method is-config="true" signature="setUp()[pri:0, instance:com.qa.test.GetCapitalInfo@37918c79]" started-at="2019-11-29T22:36:36 IST" name="setUp" finished-at="2019-11-29T22:36:36 IST" duration-ms="0" status="PASS">
          <reporter-output>
          </reporter-output>
        </test-method> <!-- setUp -->
        <test-method signature="GetCapitalInfoTest(java.lang.String, java.lang.String)[pri:0, instance:com.qa.test.GetCapitalInfo@37918c79]" started-at="2019-11-29T22:36:36 IST" name="GetCapitalInfoTest" data-provider="getData" finished-at="2019-11-29T22:36:37 IST" duration-ms="625" status="PASS">
          <params>
            <param index="0">
              <value>
                <![CDATA[Pyongyang]]>
              </value>
            </param>
            <param index="1">
              <value>
                <![CDATA[Korea (Democratic People's Republic of)]]>
              </value>
            </param>
          </params>
          <reporter-output>
          </reporter-output>
        </test-method> <!-- GetCapitalInfoTest -->
      </class> <!-- com.qa.test.GetCapitalInfo -->
    </test> <!-- Default test -->
  </suite> <!-- Default suite -->
</testng-results>
